0 info it worked if it ends with ok
1 verbose cli [ '/usr/local/bin/node',
1 verbose cli   '/usr/local/bin/npm',
1 verbose cli   'run',
1 verbose cli   'webpack-server' ]
2 info using npm@2.15.5
3 info using node@v4.4.5
4 verbose run-script [ 'prewebpack-server', 'webpack-server', 'postwebpack-server' ]
5 info prewebpack-server humaan-demo-webpack-react-app@1.0.0
6 info webpack-server humaan-demo-webpack-react-app@1.0.0
7 verbose unsafe-perm in lifecycle true
8 info humaan-demo-webpack-react-app@1.0.0 Failed to exec webpack-server script
9 verbose stack Error: humaan-demo-webpack-react-app@1.0.0 webpack-server: `webpack-dev-server --hot --progress --colors`
9 verbose stack Exit status 1
9 verbose stack     at EventEmitter.<anonymous> (/usr/local/lib/node_modules/npm/lib/utils/lifecycle.js:217:16)
9 verbose stack     at emitTwo (events.js:87:13)
9 verbose stack     at EventEmitter.emit (events.js:172:7)
9 verbose stack     at ChildProcess.<anonymous> (/usr/local/lib/node_modules/npm/lib/utils/spawn.js:24:14)
9 verbose stack     at emitTwo (events.js:87:13)
9 verbose stack     at ChildProcess.emit (events.js:172:7)
9 verbose stack     at maybeClose (internal/child_process.js:827:16)
9 verbose stack     at Process.ChildProcess._handle.onexit (internal/child_process.js:211:5)
10 verbose pkgid humaan-demo-webpack-react-app@1.0.0
11 verbose cwd /Users/markmetzger/Desktop/Web Projects/texaspse.github.io
12 error Darwin 14.5.0
13 error argv "/usr/local/bin/node" "/usr/local/bin/npm" "run" "webpack-server"
14 error node v4.4.5
15 error npm  v2.15.5
16 error code ELIFECYCLE
17 error humaan-demo-webpack-react-app@1.0.0 webpack-server: `webpack-dev-server --hot --progress --colors`
17 error Exit status 1
18 error Failed at the humaan-demo-webpack-react-app@1.0.0 webpack-server script 'webpack-dev-server --hot --progress --colors'.
18 error This is most likely a problem with the humaan-demo-webpack-react-app package,
18 error not with npm itself.
18 error Tell the author that this fails on your system:
18 error     webpack-dev-server --hot --progress --colors
18 error You can get information on how to open an issue for this project with:
18 error     npm bugs humaan-demo-webpack-react-app
18 error Or if that isn't available, you can get their info via:
18 error
18 error     npm owner ls humaan-demo-webpack-react-app
18 error There is likely additional logging output above.
19 verbose exit [ 1, true ]
